<?xml version="1.0" encoding="UTF-8"?>
<testng-results ignored="0" total="3" passed="3" failed="0" skipped="0">
  <reporter-output>
  </reporter-output>
  <suite started-at="2021-09-10T15:54:36 ECT" name="Suite" finished-at="2021-09-10T15:55:32 ECT" duration-ms="55291">
    <groups>
    </groups>
    <test started-at="2021-09-10T15:54:36 ECT" name="Test" finished-at="2021-09-10T15:54:52 ECT" duration-ms="15973">
      <class name="com.qualitystream.testng.TestNGExample">
        <test-method is-config="true" signature="beforeClass()[pri:0, instance:com.qualitystream.testng.TestNGExample@663f237a]" started-at="2021-09-10T15:54:37 ECT" name="beforeClass" finished-at="2021-09-10T15:54:44 ECT" duration-ms="7412" status="PASS">
          <reporter-output>
          </reporter-output>
        </test-method> <!-- beforeClass -->
        <test-method signature="f()[pri:0, instance:com.qualitystream.testng.TestNGExample@663f237a]" started-at="2021-09-10T15:54:44 ECT" name="f" finished-at="2021-09-10T15:54:52 ECT" duration-ms="8259" status="PASS">
          <reporter-output>
          </reporter-output>
        </test-method> <!-- f -->
        <test-method is-config="true" signature="afterClass()[pri:0, instance:com.qualitystream.testng.TestNGExample@663f237a]" started-at="2021-09-10T15:54:52 ECT" name="afterClass" finished-at="2021-09-10T15:54:52 ECT" duration-ms="153" status="PASS">
          <reporter-output>
          </reporter-output>
        </test-method> <!-- afterClass -->
      </class> <!-- com.qualitystream.testng.TestNGExample -->
    </test> <!-- Test -->
    <test started-at="2021-09-10T15:54:53 ECT" name="Test2" finished-at="2021-09-10T15:55:07 ECT" duration-ms="14207">
      <class name="com.qualitystream.testng.test2">
        <test-method is-config="true" signature="beforeClass()[pri:0, instance:com.qualitystream.testng.test2@3e05586b]" started-at="2021-09-10T15:54:53 ECT" name="beforeClass" finished-at="2021-09-10T15:54:59 ECT" duration-ms="6222" status="PASS">
          <reporter-output>
          </reporter-output>
        </test-method> <!-- beforeClass -->
        <test-method signature="f()[pri:0, instance:com.qualitystream.testng.test2@3e05586b]" started-at="2021-09-10T15:54:59 ECT" name="f" finished-at="2021-09-10T15:55:07 ECT" duration-ms="7851" status="PASS">
          <reporter-output>
          </reporter-output>
        </test-method> <!-- f -->
        <test-method is-config="true" signature="afterClass()[pri:0, instance:com.qualitystream.testng.test2@3e05586b]" started-at="2021-09-10T15:55:07 ECT" name="afterClass" finished-at="2021-09-10T15:55:07 ECT" duration-ms="126" status="PASS">
          <reporter-output>
          </reporter-output>
        </test-method> <!-- afterClass -->
      </class> <!-- com.qualitystream.testng.test2 -->
    </test> <!-- Test2 -->
    <test started-at="2021-09-10T15:55:07 ECT" name="Test3" finished-at="2021-09-10T15:55:32 ECT" duration-ms="25003">
      <class name="com.qualitystream.testng.test3">
        <test-method is-config="true" signature="beforeClass()[pri:0, instance:com.qualitystream.testng.test3@448b808a]" started-at="2021-09-10T15:55:07 ECT" name="beforeClass" finished-at="2021-09-10T15:55:13 ECT" duration-ms="6541" status="PASS">
          <reporter-output>
          </reporter-output>
        </test-method> <!-- beforeClass -->
        <test-method signature="f()[pri:0, instance:com.qualitystream.testng.test3@448b808a]" started-at="2021-09-10T15:55:13 ECT" name="f" finished-at="2021-09-10T15:55:32 ECT" duration-ms="18452" status="PASS">
          <reporter-output>
          </reporter-output>
        </test-method> <!-- f -->
        <test-method is-config="true" signature="afterClass()[pri:0, instance:com.qualitystream.testng.test3@448b808a]" started-at="2021-09-10T15:55:32 ECT" name="afterClass" finished-at="2021-09-10T15:55:32 ECT" duration-ms="1" status="PASS">
          <reporter-output>
          </reporter-output>
        </test-method> <!-- afterClass -->
      </class> <!-- com.qualitystream.testng.test3 -->
    </test> <!-- Test3 -->
  </suite> <!-- Suite -->
</testng-results>
